<?xml version="1.0" encoding="UTF-8" ?>
<testsuite tests="24" failures="0" name="runnerTest.RunnerTest" time="7.351" errors="2" skipped="2">
  <properties>
[...]
</properties>
  <testcase classname="Verify valid login from admin login page" name="I am on admin login page" time="0.032"/>
  <testcase classname="Verify valid login from admin login page" name="I enter admin@yourstore.com into username field on the login page" time="0.119"/>
  <testcase classname="Verify valid login from admin login page" name="I enter admin into password field on the login page" time="0.079"/>
  <testcase classname="Verify valid login from admin login page" name="I click on login button on login page" time="2.241"/>
  <testcase classname="Verify valid login from admin login page" name="I verify valid login message on sign in page" time="1.092"/>
  <testcase classname="Verify valid login from admin login page" name="Verify valid login from admin login page" time="1.232"/>
  <testcase classname="Verify invalid login for multiple users #1" name="I am on admin panel page" time="0.025"/>
  <testcase classname="Verify invalid login for multiple users #1" name="I enter bob@gmail.com into username text fields on admin login page" time="0.106"/>
  <testcase classname="Verify invalid login for multiple users #1" name="I enter test123 into password text fields on admin login page" time="0.08"/>
  <testcase classname="Verify invalid login for multiple users #1" name="I click on login button on admin login page" time="0.704"/>
  <testcase classname="Verify invalid login for multiple users #1" name="I verify that I used invalid credentials" time="0.022"/>
  <testcase classname="Verify invalid login for multiple users #1" name="Verify invalid login for multiple users #1" time="0.193"/>
  <testcase classname="Verify invalid login for multiple users #2" name="I am on admin panel page" time="0.032"/>
  <testcase classname="Verify invalid login for multiple users #2" name="I enter jimil.com into username text fields on admin login page" time="0.119"/>
  <testcase classname="Verify invalid login for multiple users #2" name="I enter  into password text fields on admin login page" time="0.005">
    <error message="This step is undefined. You can implement it using the snippet(s) below:

@When(&quot;I enter  into password text fields on admin login page&quot;)
public void i_enter_into_password_text_fields_on_admin_login_page() {
    // Write code here that turns the phrase above into concrete actions
    throw new io.cucumber.java.PendingException();
}
" type="io.cucumber.junit.UndefinedStepException">io.cucumber.junit.UndefinedStepException: This step is undefined. You can implement it using the snippet(s) below:

@When(&quot;I enter  into password text fields on admin login page&quot;)
public void i_enter_into_password_text_fields_on_admin_login_page() {
    // Write code here that turns the phrase above into concrete actions
    throw new io.cucumber.java.PendingException();
}

</error>
    <system-out>  When I enter jimil.com into username text fields on admin login page # stepDefinition.LoginParametersSD.enterDataUserAndPassFiled(java.lang.String,java.lang.String)
</system-out>
  </testcase>
  <testcase classname="Verify invalid login for multiple users #2" name="I click on login button on admin login page" time="0">
    <skipped/>
    <system-out>  And I enter  into password text fields on admin login page           # null
</system-out>
  </testcase>
  <testcase classname="Verify invalid login for multiple users #2" name="I verify that I used invalid credentials" time="0">
    <skipped/>
    <system-out>  And I click on login button on admin login page                      # stepDefinition.LoginParametersSD.clickOnButton(java.lang.String)
</system-out>
  </testcase>
  <testcase classname="Verify invalid login for multiple users #2" name="Verify invalid login for multiple users #2" time="0.121">
    <error message="The step &quot;I enter  into password text fields on admin login page&quot; is undefined. You can implement it using the snippet(s) below:

@When(&quot;I enter  into password text fields on admin login page&quot;)
public void i_enter_into_password_text_fields_on_admin_login_page() {
    // Write code here that turns the phrase above into concrete actions
    throw new io.cucumber.java.PendingException();
}
" type="io.cucumber.junit.UndefinedStepException">io.cucumber.junit.UndefinedStepException: The step &quot;I enter  into password text fields on admin login page&quot; is undefined. You can implement it using the snippet(s) below:

@When(&quot;I enter  into password text fields on admin login page&quot;)
public void i_enter_into_password_text_fields_on_admin_login_page() {
    // Write code here that turns the phrase above into concrete actions
    throw new io.cucumber.java.PendingException();
}

</error>
    <system-out>  Then I verify that I used invalid credentials                        # stepDefinition.LoginParametersSD.verifyInvalidLogin()
11-04-2020 21:08:43 SharedSD.java INFO  [main] stepDefinition.SharedSD 46 - Cleanup..!
11-04-2020 21:08:43 SharedSD.java INFO  [main] stepDefinition.SharedSD 47 - Test was completed...!
11-04-2020 21:08:43 SharedSD.java INFO  [main] stepDefinition.SharedSD 49 - ************************
</system-out>
  </testcase>
  <testcase classname="Verify invalid login for multiple users #3" name="I am on admin panel page" time="0.051"/>
  <testcase classname="Verify invalid login for multiple users #3" name="I enter liz@gmail.com into username text fields on admin login page" time="0.131"/>
  <testcase classname="Verify invalid login for multiple users #3" name="I enter 123Test into password text fields on admin login page" time="0.095"/>
  <testcase classname="Verify invalid login for multiple users #3" name="I click on login button on admin login page" time="0.64"/>
  <testcase classname="Verify invalid login for multiple users #3" name="I verify that I used invalid credentials" time="0.022"/>
  <testcase classname="Verify invalid login for multiple users #3" name="Verify invalid login for multiple users #3" time="0.21"/>
</testsuite>